<?xml version="1.0" encoding="UTF-8" standalone="no"?>
<testsuite errors="0" failures="1" name="io.cucumber.core.plugin.JUnitFormatter" skipped="0" tests="3" time="0.614">
    <testcase classname="To check the Edit Profile  functionality for each user" name="Successful login with valid credentials" time="0.158">
        <system-out><![CDATA[Given user is on PackAndGo login page.......................................passed
When user enters the "Natan" and "45678" credentials........................passed
Then user logged in and checks for Edit Profile.............................passed
And user logout from application............................................passed
]]></system-out>
    </testcase>
    <testcase classname="To check the Edit Profile  functionality for each user" name="Successful login with valid credentials 2" time="0.005">
        <system-out><![CDATA[Given user is on PackAndGo login page.......................................passed
When user enters the "Natan" and "45678" credentials........................passed
Then user logged in and checks for Edit Profile.............................passed
And user logout from application............................................passed
]]></system-out>
    </testcase>
    <testcase classname="To check the Edit Profile  functionality for each user" name="Successful login with valid credentials 2 2" time="0.01">
        <failure message="" type="java.lang.AssertionError"><![CDATA[Given user is on PackAndGo login page.......................................passed
When user enters the "Natan" and "12312" credentials........................failed
Then user logged in and checks for Edit Profile.............................skipped
And user logout from application............................................skipped

StackTrace:
java.lang.AssertionError
	at org.junit.Assert.fail(Assert.java:87)
	at org.junit.Assert.assertTrue(Assert.java:42)
	at org.junit.Assert.assertTrue(Assert.java:53)
	at tests.features.steps.Third.enterLogInData(Third.java:27)
	at âœ½.user enters the "Natan" and "12312" credentials(file:///C:/Users/natan/eclipse-workspace/CucumberSampleDemos/src/tests/features/Third.feature:32)
]]></failure>
    </testcase>
</testsuite>
