<?xml version="1.0" encoding="UTF-8"?>
<testng-results ignored="0" total="1" passed="1" failed="0" skipped="0">
  <reporter-output>
  </reporter-output>
  <suite started-at="2021-10-18T00:09:33 BRT" name="Default suite" finished-at="2021-10-18T00:09:34 BRT" duration-ms="950">
    <groups>
      <group name="cucumber">
        <method signature="AbstractTestNGCucumberTests.runScenario(io.cucumber.testng.PickleWrapper,io.cucumber.testng.FeatureWrapper)[pri:0, instance:tests.testng.TestNgSuiteRunner@3012646b]" name="runScenario" class="io.cucumber.testng.AbstractTestNGCucumberTests"/>
      </group> <!-- cucumber -->
    </groups>
    <test started-at="2021-10-18T00:09:33 BRT" name="Default test" finished-at="2021-10-18T00:09:34 BRT" duration-ms="950">
      <class name="tests.testng.TestNgSuiteRunner">
        <test-method is-config="true" signature="setUpClass(org.testng.ITestContext)[pri:0, instance:tests.testng.TestNgSuiteRunner@3012646b]" started-at="2021-10-18T00:09:33 BRT" name="setUpClass" finished-at="2021-10-18T00:09:34 BRT" duration-ms="630" status="PASS">
          <params>
            <param index="0">
              <value>
                <![CDATA[org.testng.TestRunner@73db4768]]>
              </value>
            </param>
          </params>
          <reporter-output>
          </reporter-output>
        </test-method> <!-- setUpClass -->
        <test-method signature="runScenario(io.cucumber.testng.PickleWrapper,io.cucumber.testng.FeatureWrapper)[pri:0, instance:tests.testng.TestNgSuiteRunner@3012646b]" started-at="2021-10-18T00:09:34 BRT" name="runScenario" description="Runs Cucumber Scenarios" data-provider="scenarios" finished-at="2021-10-18T00:09:34 BRT" duration-ms="233" status="PASS">
          <params>
            <param index="0">
              <value>
                <![CDATA["Successful login with valid credentials"]]>
              </value>
            </param>
            <param index="1">
              <value>
                <![CDATA["Optional[To check the Edit Profile  functionality for each user]"]]>
              </value>
            </param>
          </params>
          <reporter-output>
          </reporter-output>
        </test-method> <!-- runScenario -->
        <test-method is-config="true" signature="tearDownClass()[pri:0, instance:tests.testng.TestNgSuiteRunner@3012646b]" started-at="2021-10-18T00:09:34 BRT" name="tearDownClass" finished-at="2021-10-18T00:09:34 BRT" duration-ms="5" status="PASS">
          <reporter-output>
          </reporter-output>
        </test-method> <!-- tearDownClass -->
      </class> <!-- tests.testng.TestNgSuiteRunner -->
    </test> <!-- Default test -->
  </suite> <!-- Default suite -->
</testng-results>
