<?xml version="1.0" encoding="UTF-8" standalone="no"?>
<testsuite errors="0" failures="7" name="io.cucumber.core.plugin.JUnitFormatter" skipped="0" tests="7" time="0.697">
    <testcase classname="EDU AUT Login" name="Verify the Sign Up un EDU Bank" time="0.146">
        <failure message="The scenario has pending or undefined step(s)" type="java.lang.Exception"><![CDATA[Given User navigates to the Home Page.......................................undefined
When User Enters the Signup Details.........................................skipped
Then User Logged In to EDU..................................................skipped
]]></failure>
    </testcase>
    <testcase classname="Search for a line in google page" name="Fill in search form" time="0.008">
        <failure message="The scenario has pending or undefined step(s)" type="java.lang.Exception"><![CDATA[Given I am on the homepage..................................................undefined
When I fill in "search" with:...............................................skipped
]]></failure>
    </testcase>
    <testcase classname="Feature 2" name="Testando passo 2" time="0.008">
        <failure message="The scenario has pending or undefined step(s)" type="java.lang.Exception"><![CDATA[Given Passo 1...............................................................undefined
When Passo 2................................................................skipped
Then Passo 3................................................................skipped
And Passo 4.................................................................skipped
]]></failure>
    </testcase>
    <testcase classname="To check the Edit Profile  functionality for each user" name="Successful login with valid credentials" time="0.016">
        <failure message="The scenario has pending or undefined step(s)" type="java.lang.Exception"><![CDATA[Given user is on PackAndGo login page.......................................undefined
When user enters the "Natan" and "45678" credentials........................skipped
Then user logged in and checks for Edit Profile.............................skipped
And user logout from application............................................skipped
]]></failure>
    </testcase>
    <testcase classname="To check the Edit Profile  functionality for each user" name="Successful login with valid credentials 2" time="0.012">
        <failure message="The scenario has pending or undefined step(s)" type="java.lang.Exception"><![CDATA[Given user is on PackAndGo login page.......................................undefined
When user enters the "Natan" and "45678" credentials........................skipped
Then user logged in and checks for Edit Profile.............................skipped
And user logout from application............................................skipped
]]></failure>
    </testcase>
    <testcase classname="To check the Edit Profile  functionality for each user" name="Successful login with valid credentials 2 2" time="0.003">
        <failure message="The scenario has pending or undefined step(s)" type="java.lang.Exception"><![CDATA[Given user is on PackAndGo login page.......................................undefined
When user enters the "Natan" and "12312" credentials........................skipped
Then user logged in and checks for Edit Profile.............................skipped
And user logout from application............................................skipped
]]></failure>
    </testcase>
    <testcase classname="To check the Edit Profile  functionality for each user" name="Successful login with valid credentials 3" time="0.014">
        <failure message="The scenario has pending or undefined step(s)" type="java.lang.Exception"><![CDATA[Given user is on PackAndGo login page.......................................undefined
When user enters the username and password credentials 2....................skipped
Then user logged in and checks for Edit Profile.............................skipped
And user logout from application............................................skipped
]]></failure>
    </testcase>
</testsuite>
